[debug] [2020-08-14T00:22:15.485Z] ----------------------------------------------------------------------
[debug] [2020-08-14T00:22:15.487Z] Command:       /usr/local/bin/node /usr/local/bin/firebase init
[debug] [2020-08-14T00:22:15.487Z] CLI Version:   7.13.1
[debug] [2020-08-14T00:22:15.487Z] Platform:      darwin
[debug] [2020-08-14T00:22:15.487Z] Node Version:  v12.16.1
[debug] [2020-08-14T00:22:15.488Z] Time:          Thu Aug 13 2020 18:22:15 GMT-0600 (Mountain Daylight Time)
[debug] [2020-08-14T00:22:15.488Z] ----------------------------------------------------------------------
[debug] [2020-08-14T00:22:15.488Z] 
[debug] [2020-08-14T00:22:15.502Z] > command requires scopes: ["email","openid","https://www.googleapis.com/auth/cloudplatformprojects.readonly","https://www.googleapis.com/auth/firebase","https://www.googleapis.com/auth/cloud-platform"]
[debug] [2020-08-14T00:22:15.503Z] > authorizing via signed-in user
[info] 
     ######## #### ########  ######## ########     ###     ######  ########
     ##        ##  ##     ## ##       ##     ##  ##   ##  ##       ##
     ######    ##  ########  ######   ########  #########  ######  ######
     ##        ##  ##    ##  ##       ##     ## ##     ##       ## ##
     ##       #### ##     ## ######## ########  ##     ##  ######  ########

You're about to initialize a Firebase project in this directory:

  /Users/taylorduringer/Desktop/Mead templ

Before we get started, keep in mind:

  * You are initializing in an existing Firebase project directory

